2004rikisreikningurheild.pdf
2007Rikisreikn_Heildaryfirlit.pdf
2007Rikisreikn_arsreikningur_rikisadila.pdf
2012-RR-rikisadila.pdf
RR-2005-heild.pdf
RR-2008-R.pdf
RR-2008-arsreikningurrikisadila.pdf
RR2006_arsreikningur_rikisadila.pdf
RRheild2000.pdf
RRheild_2006-A.pdf
Rikisr-05-S.pdf
Rikisreikn-01.pdf
Rikisreikn-02.pdf
Rikisreikn-03.pdf
Rikisreikn2009ArsreiknRikisadila.pdf
Rikisreikn2009Heildaryfirlit.pdf
Rikisreikningur-2011-arsreikningar-rikiisadila.pdf
Rikisreikningur-2016-Arsreikningur-Rikisadila.pdf
Rikisreikningur-2019.pdf
Rikisreikningur-2020.pdf
Rikisreikningur-arid-2013,-Heildaryfirlit---Rafraen-undirritun.pdf
Rikisreikningur-arid-2013-Arsreikningur-Rikisadila.pdf
Rikisreikningur-arid-2014-Arsreikningar-rikisadila.pdf
Rikisreikningur-arid-2014-Heildaryfirlit-Rafraenundirritun.pdf
Rikisreikningur-arid-2015-Arsreikningar-rikisadila.pdf
Rikisreikningur-arid-2015-Heildaryfirlit.pdf
Rikisreikningur-arid-2016--Heildaryfirlit.pdf
Rikisreikningur-heildaryfirlit-2011.pdf
Rikisreikningur_04072019.pdf
Rikisreikningur_11102018_FJS.pdf
Rikisreikningur_2010rikisadila.pdf
Rikisreikningur_Heildaryfirlit_2010.pdf
fb_210803.pdf
fb_300904_ahj.pdf
rikisreikningur2012.pdf
